Startfile from command line: input.in


       ***********************************************************
       *                    TeraChem v1.9-2018.07-dev            *
       *                 Hg Version: 83b657a651d5                *
       *                   Development Version                   *
       *                Compiled without textures                *
       *           Chemistry at the Speed of Graphics!           *
       ***********************************************************
       * This program may only be used in connection with        *
       * a valid license from PetaChem, LLC. Use of this program *
       * or results thereof indicates acceptance of all terms    *
       * and conditions stated in the license and that a valid   *
       * license agreement between the user and PetaChem, LLC    *
       * exists. PetaChem, LLC does not warrant the correctness  *
       * of results or their suitability for any purpose.        *
       * Please email bugs, suggestions, and comments to         *
       *                  help@petachem.com                      *
       *                                                         *
       ***********************************************************


       ***********************************************************
       *  Compiled by toddmtz      Tue Sep 18 21:35:53 PDT 2018  *
       *  Supported architectures: sm_30 sm_50 sm_61 sm_70       *
       *  Cuda compilation tools, release 9.2, V9.2.148          *
       ***********************************************************


 Job started   Wed Jun 12 14:40:06 2019
 On g001 (available memory: 369315 MB)

######################################### RUNTIME INFO ##########################################
terachem input.in 

NVRM version: NVIDIA UNIX x86_64 Kernel Module  396.44  Wed Jul 11 16:51:49 PDT 2018
GCC version:  gcc version 4.8.5 20150623 (Red Hat 4.8.5-28) (GCC) 

	linux-vdso.so.1 =>  (0x00002aaaaaacd000)
	libcurl.so.4 => /lib64/libcurl.so.4 (0x00002aaaaaccf000)
	libintbox.so.1 => /gpfs/apps/medsci/stacks/noOS/software/terachem/1.94V/TeraChem/lib/libintbox.so.1 (0x00002aaaaaf38000)
	libthcbox.so.1 => /gpfs/apps/medsci/stacks/noOS/software/terachem/1.94V/TeraChem/lib/libthcbox.so.1 (0x00002aaac92f2000)
	libgridbox.so.1 => /gpfs/apps/medsci/stacks/noOS/software/terachem/1.94V/TeraChem/lib/libgridbox.so.1 (0x00002aaacac0c000)
	libdftbox.so.1 => /gpfs/apps/medsci/stacks/noOS/software/terachem/1.94V/TeraChem/lib/libdftbox.so.1 (0x00002aaacb0f1000)
	libcibox.so.1 => /gpfs/apps/medsci/stacks/noOS/software/terachem/1.94V/TeraChem/lib/libcibox.so.1 (0x00002aaacb3d6000)
	libcuda.so.1 => /cm/local/apps/cuda/libs/current/lib64/libcuda.so.1 (0x00002aaacb7ad000)
	libcudart.so.9.2 => /gpfs/apps/medsci/stacks/noOS/software/terachem/1.94V/TeraChem/lib/libcudart.so.9.2 (0x00002aaacc728000)
	libcublas.so.9.2 => /gpfs/apps/medsci/stacks/noOS/software/terachem/1.94V/TeraChem/lib/libcublas.so.9.2 (0x00002aaacc992000)
	libcusparse.so.9.2 => /gpfs/apps/medsci/stacks/noOS/software/terachem/1.94V/TeraChem/lib/libcusparse.so.9.2 (0x00002aaad03e0000)
	libcufft.so.9.2 => /gpfs/apps/medsci/stacks/noOS/software/terachem/1.94V/TeraChem/lib/libcufft.so.9.2 (0x00002aaad46fb000)
	libcrypto.so.10 => /lib64/libcrypto.so.10 (0x00002aaad9d55000)
	libssl.so.10 => /lib64/libssl.so.10 (0x00002aaada1b6000)
	libm.so.6 => /lib64/libm.so.6 (0x00002aaada427000)
	libcilkrts.so.5 => /gpfs/apps/medsci/stacks/noOS/software/terachem/1.94V/TeraChem/lib/libcilkrts.so.5 (0x00002aaada729000)
	libstdc++.so.6 => /lib64/libstdc++.so.6 (0x00002aaada96a000)
	libgcc_s.so.1 => /lib64/libgcc_s.so.1 (0x00002aaadac71000)
	libpthread.so.0 => /lib64/libpthread.so.0 (0x00002aaadae87000)
	libc.so.6 => /lib64/libc.so.6 (0x00002aaadb0a3000)
	/lib64/ld-linux-x86-64.so.2 (0x00002aaaaaaab000)
	libdl.so.2 => /lib64/libdl.so.2 (0x00002aaadb470000)
	libidn.so.11 => /lib64/libidn.so.11 (0x00002aaadb674000)
	libssh2.so.1 => /lib64/libssh2.so.1 (0x00002aaadb8a7000)
	libssl3.so => /lib64/libssl3.so (0x00002aaadbad1000)
	libsmime3.so => /lib64/libsmime3.so (0x00002aaadbd1f000)
	libnss3.so => /lib64/libnss3.so (0x00002aaadbf46000)
	libnssutil3.so => /lib64/libnssutil3.so (0x00002aaadc273000)
	libplds4.so => /lib64/libplds4.so (0x00002aaadc4a2000)
	libplc4.so => /lib64/libplc4.so (0x00002aaadc6a6000)
	libnspr4.so => /lib64/libnspr4.so (0x00002aaadc8ab000)
	libgssapi_krb5.so.2 => /lib64/libgssapi_krb5.so.2 (0x00002aaadcae9000)
	libkrb5.so.3 => /lib64/libkrb5.so.3 (0x00002aaadcd36000)
	libk5crypto.so.3 => /lib64/libk5crypto.so.3 (0x00002aaadd01e000)
	libcom_err.so.2 => /lib64/libcom_err.so.2 (0x00002aaadd251000)
	liblber-2.4.so.2 => /lib64/liblber-2.4.so.2 (0x00002aaadd455000)
	libldap-2.4.so.2 => /lib64/libldap-2.4.so.2 (0x00002aaadd664000)
	libz.so.1 => /lib64/libz.so.1 (0x00002aaadd8b9000)
	librt.so.1 => /lib64/librt.so.1 (0x00002aaaddacf000)
	libnvidia-fatbinaryloader.so.396.44 => /cm/local/apps/cuda/libs/current/lib64/libnvidia-fatbinaryloader.so.396.44 (0x00002aaaddcd7000)
	libkrb5support.so.0 => /lib64/libkrb5support.so.0 (0x00002aaaddf23000)
	libkeyutils.so.1 => /lib64/libkeyutils.so.1 (0x00002aaade131000)
	libresolv.so.2 => /lib64/libresolv.so.2 (0x00002aaade335000)
	libsasl2.so.3 => /lib64/libsasl2.so.3 (0x00002aaade54e000)
	libselinux.so.1 => /lib64/libselinux.so.1 (0x00002aaade76b000)
	libcrypt.so.1 => /lib64/libcrypt.so.1 (0x00002aaade992000)
	libpcre.so.1 => /lib64/libpcre.so.1 (0x00002aaadebc9000)
	libfreebl3.so => /lib64/libfreebl3.so (0x00002aaadee2b000)
#################################################################################################

Cannot find license.dat file in the TeraChem installation directory /gpfs/apps/medsci/stacks/noOS/software/terachem/1.94V/TeraChem


TRYING THE NETWORK LICENSE...
Cannot find license.key file in the TeraChem installation directory /gpfs/apps/medsci/stacks/noOS/software/terachem/1.94V/TeraChem


*************************** WARNING **************************
*                 Running in Demo mode.                      *
**************************************************************

Scratch directory: scr
Random number seed: 543432969

XYZ coordinates coord.xyz
Jobname: output
Molden File Output: scr/output.molden
Using basis set: 6-31+gs
dmrgstart not found
Spin multiplicity: 1
DIIS will use up to 10 vectors.
WF convergence threshold: 3.00e-05
Using DIIS algorithm to converge WF
Maximum number of SCF iterations: 100
Incremental fock with rebuild every 8 iterations
Will switch to conventional Fock if diffuse functions are detected
X-matrix tolerance: 1.00e-04
PRECISION: DYNAMIC
DFT Functional requested: b3lyp
Method: B3LYP 
  Hartree-Fock exact exchange:          0.20 
  Slater exchange functional:           0.80 
  Becke 1988 exchange functional:       0.72 
  Lee-Yang-Parr correlation functional: 0.81 
  VWN(I) correlation functional:        0.19 
Wavefunction: RESTRICTED
DFT grid type: 1
Using a single DFT grid.
Initial guess generated by maximum overlap

********************************************
********** FREQUENCY ANALYSIS **************
********************************************

using 2 out of 2 CUDA devices
   Device 0: Tesla V100-SXM2-32GB, 32510MB, CC 7.0 -- CPU THREAD 0
   Device 1: Tesla V100-SXM2-32GB, 32510MB, CC 7.0 -- CPU THREAD 1
-------------------------------------------------------------------
Compiled with MAGMA support.  MAGMA parameters:
    Matrices larger than 5000 square will be treated with MAGMA
       (Change by setting the MagmaMinN environment variable)
    Magma will use 1 out of 2 GPUs
       (Change by setting the MagmaNGPUs environment variable)
-------------------------------------------------------------------
 CPU Memory Available: 48201.38 MegaWords 
 GPU Memory Available: 3807.81 MegaWords 
 Maximum recommended basis set size: 23500 basis functions
 (limited by GPU memory)
-------------------------------------------------------------------
Using d-functions. Configuring GPUs accordingly.
0: CUBLAS initialized, available GPU memory: 26631MB
1: CUBLAS initialized, available GPU memory: 26631MB

****** QM coordinates ******
C         0.6640965100         0.0039526500         0.0710079300  
C        -0.6640964700        -0.0039525300        -0.0710079000  
H         1.2467586600         0.8898386900        -0.1613784000  
H         1.1948397200        -0.8753068000         0.4224441400  
H        -1.1948397500         0.8753067300        -0.4224442100  
H        -1.2467586800        -0.8898387300         0.1613784400  

Basis set:       6-31+gs
Total atoms:     6
Total charge:    0
Total electrons: 16 (8-alpha, 8-beta)
Number electrons modeled by ECPs: 0
Total orbitals:  46
Total AO shells: 24 (16 S-shells; 6 P-shells; 2 D-shells; 0 F-shells; 0 G-shells)
Spin multiplicity: 1
Nuclear repulsion energy (QM atoms): 33.319972681095 a.u.

*********************************************************************
*** Frequency Analysis by Finite Difference of Analytic Gradients ***
*********************************************************************
Search for computed Hessian in scr/Hessian.bin ...  ...Hessian not found. 
Search for restart file in scr/Hessian.restart ...   ...No restart file found. 
Compute Hessian from scratch.
Computing the Hessian via finite differences with a 3 point formula
Using displacements of 0.0050 bohr
Numerical Hessian requires 36 displacements

*** Reference Geometry ***
          Molecular Geometry (bohr)
 C      1.254960      0.007469      0.134186
 C     -1.254960     -0.007469     -0.134185
 H      2.356032      1.681551     -0.304961
 H      2.257920     -1.654090      0.798304
 H     -2.257920      1.654090     -0.798304
 H     -2.356032     -1.681551      0.304961

Setting up the DFT grid...
time to set the grid = 0.00 s
DFT grid points: 17480 (2913 points/atom)

                      *** Start SCF Iterations ***

 Iter     DIIS Error       Energy change      Electrons        XC Energy           Energy        Time(s)
----------------------------------------------------------------------------------------------------------
         >>> Purifying P... IDMP = 8.99e-15 <<<
THRESPDP set to 1.00e+00
   1     0.7172061129     -77.2537376376    16.0003090047    -9.0428719168     -77.2537376376     0.05  
   2     0.6942971133      -0.3456179207    15.9999911443   -10.6610715477     -77.5993555583     0.04  
   3     0.0382136614      -0.9898993951    15.9999908535    -9.9691953848     -78.5892549535     0.04  
   4     0.0056915814      -0.0038163067    15.9999961036    -9.9301507091     -78.5930712602     0.04  
   5     0.0019197012      -0.0000671443    15.9999966414    -9.9325304612     -78.5931384045     0.04  
   6     0.0001063833      -0.0000037130    15.9999965169    -9.9330811447     -78.5931421175     0.04  
THRESPDP set to 8.64e-02
   7     0.0000057934      -0.0000010161    15.9999966655    -9.9332392516     -78.5931431336     0.04  
----------------------------------------------------------------------------------------------------------
FINAL ENERGY: -78.5931431336 a.u.
CENTER OF MASS: {0.000000, 0.000000, 0.000000} ANGS
DIPOLE MOMENT: {-0.000064, 0.000010, -0.000010} (|D| = 0.000066) DEBYE

Running Mulliken population analysis...

GPU Memory: 26527 Mb
GPU Memory: 26527 Mb
Writing out molden info
Completed initial gradient at reference geometry

Gradient units are Hartree/Bohr
---------------------------------------------------
        dE/dX            dE/dY            dE/dZ
    0.0043901277     0.0000169659     0.0004691214
   -0.0043884115    -0.0000168086    -0.0004689807
   -0.0024878300    -0.0001144039    -0.0002345963
   -0.0024865930     0.0000881111    -0.0003082568
    0.0024858467    -0.0000874730     0.0003079547
    0.0024868584     0.0001136096     0.0002347596
---------------------------------------------------
Net gradient: -1.791803e-09  1.012887e-09  1.878965e-09
Net torque:    2.279353e-05  4.541430e-05 -2.360500e-05

Total Dipole Moment: {-0.000025, 0.000004, -0.000004} (|D| = 0.000026) a.u.

Maximum gradient component at reference geometry: 4.39e-03
Maximum component of gradient is too large
Optimize the geometry and try again
 Job terminated: Wed Jun 12 14:40:10 2019

